<?xml version="1.0" encoding="UTF-8"?>
<coverage generated="1183451718973" clover="1.3.13">
   <project timestamp="1183451714885" name="Maven Cloverreport">
      <metrics classes="10" methods="40" conditionals="2" files="9" packages="2" coveredstatements="28" loc="479" ncloc="201" coveredmethods="17" coveredconditionals="2" statements="55" coveredelements="47" elements="97"/>
      <package name="hudson.plugins.clover">
         <metrics conditionals="2" methods="10" classes="5" files="4" ncloc="79" coveredstatements="12" coveredmethods="1" coveredconditionals="2" statements="25" loc="147" coveredelements="15" elements="37"/>
         <file name="C:\local\maven\helpers\hudson\clover\src\main\java\hudson\plugins\clover\CloverCoverageParser.java">
            <class name="CloverCoverageParser">
               <metrics conditionals="2" methods="1" coveredstatements="12" coveredmethods="1" coveredconditionals="2" statements="13" coveredelements="15" elements="16"/>
            </class>
            <metrics conditionals="2" methods="1" classes="1" ncloc="25" coveredstatements="12" coveredmethods="1" coveredconditionals="2" statements="13" loc="35" coveredelements="15" elements="16"/>
            <line num="19" count="2" type="method"/>
            <line num="20" count="1" type="stmt"/>
            <line num="20" falsecount="1" type="cond" truecount="1"/>
            <line num="21" count="1" type="stmt"/>
            <line num="22" count="1" type="stmt"/>
            <line num="23" count="1" type="stmt"/>
            <line num="24" count="1" type="stmt"/>
            <line num="25" count="1" type="stmt"/>
            <line num="26" count="1" type="stmt"/>
            <line num="27" count="1" type="stmt"/>
            <line num="28" count="1" type="stmt"/>
            <line num="29" count="1" type="stmt"/>
            <line num="30" count="1" type="stmt"/>
            <line num="32" count="0" type="stmt"/>
         </file>
         <file name="C:\local\maven\helpers\hudson\clover\src\main\java\hudson\plugins\clover\CloverBuildAction.java">
            <class name="CloverBuildAction">
               <metrics conditionals="0" methods="0" coveredstatements="0" coveredmethods="0" coveredconditionals="0" statements="0" coveredelements="0" elements="0"/>
            </class>
            <metrics conditionals="0" methods="0" classes="1" ncloc="3" coveredstatements="0" coveredmethods="0" coveredconditionals="0" statements="0" loc="10" coveredelements="0" elements="0"/>
         </file>
         <file name="C:\local\maven\helpers\hudson\clover\src\main\java\hudson\plugins\clover\PluginImpl.java">
            <class name="PluginImpl">
               <metrics conditionals="0" methods="1" coveredstatements="0" coveredmethods="0" coveredconditionals="0" statements="1" coveredelements="0" elements="2"/>
            </class>
            <metrics conditionals="0" methods="1" classes="1" ncloc="9" coveredstatements="0" coveredmethods="0" coveredconditionals="0" statements="1" loc="23" coveredelements="0" elements="2"/>
            <line num="18" count="0" type="method"/>
            <line num="21" count="0" type="stmt"/>
         </file>
         <file name="C:\local\maven\helpers\hudson\clover\src\main\java\hudson\plugins\clover\CloverPublisher.java">
            <class name="CloverPublisher">
               <metrics conditionals="0" methods="4" coveredstatements="0" coveredmethods="0" coveredconditionals="0" statements="5" coveredelements="0" elements="9"/>
            </class>
            <class name="CloverPublisher.DescriptorImpl">
               <metrics conditionals="0" methods="4" coveredstatements="0" coveredmethods="0" coveredconditionals="0" statements="6" coveredelements="0" elements="10"/>
            </class>
            <metrics conditionals="0" methods="8" classes="2" ncloc="42" coveredstatements="0" coveredmethods="0" coveredconditionals="0" statements="11" loc="79" coveredelements="0" elements="19"/>
            <line num="27" count="0" type="method"/>
            <line num="28" count="0" type="stmt"/>
            <line num="32" count="0" type="method"/>
            <line num="33" count="0" type="stmt"/>
            <line num="36" count="0" type="method"/>
            <line num="37" count="0" type="stmt"/>
            <line num="38" count="0" type="stmt"/>
            <line num="41" count="0" type="method"/>
            <line num="43" count="0" type="stmt"/>
            <line num="58" count="0" type="method"/>
            <line num="59" count="0" type="stmt"/>
            <line num="63" count="0" type="method"/>
            <line num="64" count="0" type="stmt"/>
            <line num="68" count="0" type="method"/>
            <line num="69" count="0" type="stmt"/>
            <line num="70" count="0" type="stmt"/>
            <line num="71" count="0" type="stmt"/>
            <line num="75" count="0" type="method"/>
            <line num="76" count="0" type="stmt"/>
         </file>
      </package>
      <package name="hudson.plugins.clover.results">
         <metrics conditionals="0" methods="30" classes="5" files="5" ncloc="122" coveredstatements="16" coveredmethods="16" coveredconditionals="0" statements="30" loc="332" coveredelements="32" elements="60"/>
         <file name="C:\local\maven\helpers\hudson\clover\src\main\java\hudson\plugins\clover\results\AbstractCloverMetrics.java">
            <class name="AbstractCloverMetrics">
               <metrics conditionals="0" methods="26" coveredstatements="14" coveredmethods="14" coveredconditionals="0" statements="26" coveredelements="28" elements="52"/>
            </class>
            <metrics conditionals="0" methods="26" classes="1" ncloc="94" coveredstatements="14" coveredmethods="14" coveredconditionals="0" statements="26" loc="258" coveredelements="28" elements="52"/>
            <line num="30" count="0" type="method"/>
            <line num="31" count="0" type="stmt"/>
            <line num="39" count="1" type="method"/>
            <line num="40" count="1" type="stmt"/>
            <line num="48" count="1" type="method"/>
            <line num="49" count="1" type="stmt"/>
            <line num="57" count="1" type="method"/>
            <line num="58" count="1" type="stmt"/>
            <line num="66" count="0" type="method"/>
            <line num="67" count="0" type="stmt"/>
            <line num="75" count="1" type="method"/>
            <line num="76" count="1" type="stmt"/>
            <line num="84" count="0" type="method"/>
            <line num="85" count="0" type="stmt"/>
            <line num="93" count="1" type="method"/>
            <line num="94" count="1" type="stmt"/>
            <line num="102" count="0" type="method"/>
            <line num="103" count="0" type="stmt"/>
            <line num="111" count="1" type="method"/>
            <line num="112" count="1" type="stmt"/>
            <line num="120" count="0" type="method"/>
            <line num="121" count="0" type="stmt"/>
            <line num="129" count="1" type="method"/>
            <line num="130" count="1" type="stmt"/>
            <line num="138" count="0" type="method"/>
            <line num="139" count="0" type="stmt"/>
            <line num="147" count="1" type="method"/>
            <line num="148" count="1" type="stmt"/>
            <line num="156" count="0" type="method"/>
            <line num="157" count="0" type="stmt"/>
            <line num="165" count="1" type="method"/>
            <line num="166" count="1" type="stmt"/>
            <line num="174" count="0" type="method"/>
            <line num="175" count="0" type="stmt"/>
            <line num="183" count="1" type="method"/>
            <line num="184" count="1" type="stmt"/>
            <line num="192" count="0" type="method"/>
            <line num="193" count="0" type="stmt"/>
            <line num="201" count="1" type="method"/>
            <line num="202" count="1" type="stmt"/>
            <line num="210" count="0" type="method"/>
            <line num="211" count="0" type="stmt"/>
            <line num="219" count="1" type="method"/>
            <line num="220" count="1" type="stmt"/>
            <line num="228" count="0" type="method"/>
            <line num="229" count="0" type="stmt"/>
            <line num="237" count="1" type="method"/>
            <line num="238" count="1" type="stmt"/>
            <line num="246" count="0" type="method"/>
            <line num="247" count="0" type="stmt"/>
            <line num="255" count="1" type="method"/>
            <line num="256" count="1" type="stmt"/>
         </file>
         <file name="C:\local\maven\helpers\hudson\clover\src\main\java\hudson\plugins\clover\results\ClassCoverage.java">
            <class name="ClassCoverage">
               <metrics conditionals="0" methods="0" coveredstatements="0" coveredmethods="0" coveredconditionals="0" statements="0" coveredelements="0" elements="0"/>
            </class>
            <metrics conditionals="0" methods="0" classes="1" ncloc="3" coveredstatements="0" coveredmethods="0" coveredconditionals="0" statements="0" loc="10" coveredelements="0" elements="0"/>
         </file>
         <file name="C:\local\maven\helpers\hudson\clover\src\main\java\hudson\plugins\clover\results\PackageCoverage.java">
            <class name="PackageCoverage">
               <metrics conditionals="0" methods="0" coveredstatements="0" coveredmethods="0" coveredconditionals="0" statements="0" coveredelements="0" elements="0"/>
            </class>
            <metrics conditionals="0" methods="0" classes="1" ncloc="3" coveredstatements="0" coveredmethods="0" coveredconditionals="0" statements="0" loc="10" coveredelements="0" elements="0"/>
         </file>
         <file name="C:\local\maven\helpers\hudson\clover\src\main\java\hudson\plugins\clover\results\ProjectCoverage.java">
            <class name="ProjectCoverage">
               <metrics conditionals="0" methods="4" coveredstatements="2" coveredmethods="2" coveredconditionals="0" statements="4" coveredelements="4" elements="8"/>
            </class>
            <metrics conditionals="0" methods="4" classes="1" ncloc="19" coveredstatements="2" coveredmethods="2" coveredconditionals="0" statements="4" loc="44" coveredelements="4" elements="8"/>
            <line num="24" count="1" type="method"/>
            <line num="25" count="1" type="stmt"/>
            <line num="33" count="1" type="method"/>
            <line num="34" count="1" type="stmt"/>
            <line num="37" count="0" type="method"/>
            <line num="38" count="0" type="stmt"/>
            <line num="41" count="0" type="method"/>
            <line num="42" count="0" type="stmt"/>
         </file>
         <file name="C:\local\maven\helpers\hudson\clover\src\main\java\hudson\plugins\clover\results\FileCoverage.java">
            <class name="FileCoverage">
               <metrics conditionals="0" methods="0" coveredstatements="0" coveredmethods="0" coveredconditionals="0" statements="0" coveredelements="0" elements="0"/>
            </class>
            <metrics conditionals="0" methods="0" classes="1" ncloc="3" coveredstatements="0" coveredmethods="0" coveredconditionals="0" statements="0" loc="10" coveredelements="0" elements="0"/>
         </file>
      </package>
   </project>
</coverage>